FileManager/app/build/intermediates/manifest_merge_blame_file/debug/manifest-merger-blame-debug-report.txt
1<?xml version="1.0" encoding="utf-8"?>
2<manifest xmlns:android="http://schemas.android.com/apk/res/android"
3    package="com.example.filemanager"
4    android:versionCode="1"
5    android:versionName="1.0" >
6
7    <uses-sdk
8        android:minSdkVersion="24"
8-->src\main\AndroidManifest.xml
9        android:targetSdkVersion="29" />
9-->src\main\AndroidManifest.xml
10
11    <uses-permission android:name="android.permission.WRITE_EXTERNAL_STORAGE" />
11-->src\main\AndroidManifest.xml:5:5-81
11-->src\main\AndroidManifest.xml:5:22-78
12    <uses-permission android:name="android.permission.REQUEST_INSTALL_PACKAGES" />
12-->src\main\AndroidManifest.xml:6:5-83
12-->src\main\AndroidManifest.xml:6:22-80
13    <uses-permission android:name="android.permission.INTERNET" />
13-->src\main\AndroidManifest.xml:7:5-67
13-->src\main\AndroidManifest.xml:7:22-64
14    <uses-permission android:name="android.permission.READ_EXTERNAL_STORAGE" />
14-->[com.zhihu.android:matisse:0.5.2] AndroidManifest.xml:25:5-80
14-->[com.zhihu.android:matisse:0.5.2] AndroidManifest.xml:25:22-77
15
16    <application
16-->src\main\AndroidManifest.xml:9:5-60:19
17        android:name="org.litepal.LitePalApplication"
17-->src\main\AndroidManifest.xml:10:9-54
18        android:allowBackup="true"
18-->src\main\AndroidManifest.xml:11:9-35
19        android:appComponentFactory="androidx.core.app.CoreComponentFactory"
19-->[androidx.core:core:1.1.0] AndroidManifest.xml:24:18-86
20        android:debuggable="true"
21        android:icon="@mipmap/ic_launcher"
21-->src\main\AndroidManifest.xml:12:9-43
22        android:label="@string/app_name"
22-->src\main\AndroidManifest.xml:13:9-41
23        android:networkSecurityConfig="@xml/network_security_config"
23-->src\main\AndroidManifest.xml:14:9-69
24        android:roundIcon="@mipmap/ic_launcher_round"
24-->src\main\AndroidManifest.xml:15:9-54
25        android:supportsRtl="true"
25-->src\main\AndroidManifest.xml:16:9-35
26        android:testOnly="true"
27        android:theme="@style/Theme.Design.Light.NoActionBar" >
27-->src\main\AndroidManifest.xml:17:9-62
28        <activity android:name="com.example.filemanager.DocumentActivity" />
28-->src\main\AndroidManifest.xml:18:9-63
28-->src\main\AndroidManifest.xml:18:19-51
29        <activity
29-->src\main\AndroidManifest.xml:19:9-28:20
30            android:name="com.example.filemanager.LockActivity"
30-->src\main\AndroidManifest.xml:20:13-41
31            android:screenOrientation="portrait" >
31-->src\main\AndroidManifest.xml:21:13-49
32            <intent-filter>
32-->src\main\AndroidManifest.xml:22:13-26:29
33                <action android:name="android.intent.action.MAIN" />
33-->src\main\AndroidManifest.xml:23:17-69
33-->src\main\AndroidManifest.xml:23:25-66
34
35                <category android:name="android.intent.category.LAUNCHER" />
35-->src\main\AndroidManifest.xml:25:17-77
35-->src\main\AndroidManifest.xml:25:27-74
36            </intent-filter>
37        </activity>
38        <activity
38-->src\main\AndroidManifest.xml:29:9-31:51
39            android:name="com.example.filemanager.ImgListActivity"
39-->src\main\AndroidManifest.xml:30:13-44
40            android:screenOrientation="portrait" />
40-->src\main\AndroidManifest.xml:31:13-49
41        <activity
41-->src\main\AndroidManifest.xml:32:9-34:52
42            android:name="com.example.filemanager.ImagesActivity"
42-->src\main\AndroidManifest.xml:33:13-43
43            android:screenOrientation="portrait" />
43-->src\main\AndroidManifest.xml:34:13-49
44        <activity
44-->src\main\AndroidManifest.xml:35:9-37:52
45            android:name="com.example.filemanager.VideoActivity"
45-->src\main\AndroidManifest.xml:36:13-42
46            android:screenOrientation="portrait" />
46-->src\main\AndroidManifest.xml:37:13-49
47        <activity android:name="com.example.filemanager.TestActivity" />
47-->src\main\AndroidManifest.xml:39:9-50
47-->src\main\AndroidManifest.xml:39:19-47
48        <activity
48-->src\main\AndroidManifest.xml:40:9-42:52
49            android:name="com.example.filemanager.ApkActivity"
49-->src\main\AndroidManifest.xml:41:13-40
50            android:screenOrientation="portrait" />
50-->src\main\AndroidManifest.xml:42:13-49
51        <activity
51-->src\main\AndroidManifest.xml:43:9-45:52
52            android:name="com.example.filemanager.MusicActivity"
52-->src\main\AndroidManifest.xml:44:13-42
53            android:screenOrientation="portrait" />
53-->src\main\AndroidManifest.xml:45:13-49
54        <activity
54-->src\main\AndroidManifest.xml:46:9-49:20
55            android:name="com.example.filemanager.MainActivity"
55-->src\main\AndroidManifest.xml:47:13-41
56            android:screenOrientation="portrait" >
56-->src\main\AndroidManifest.xml:48:13-49
57        </activity>
58
59        <provider
59-->src\main\AndroidManifest.xml:51:9-59:20
60            android:name="androidx.core.content.FileProvider"
60-->src\main\AndroidManifest.xml:52:13-62
61            android:authorities="com.example.filemanager.provider"
61-->src\main\AndroidManifest.xml:53:13-67
62            android:exported="false"
62-->src\main\AndroidManifest.xml:54:13-37
63            android:grantUriPermissions="true" >
63-->src\main\AndroidManifest.xml:55:13-47
64            <meta-data
64-->src\main\AndroidManifest.xml:56:13-58:54
65                android:name="android.support.FILE_PROVIDER_PATHS"
65-->src\main\AndroidManifest.xml:57:17-67
66                android:resource="@xml/file_paths" />
66-->src\main\AndroidManifest.xml:58:17-51
67        </provider>
68
69        <activity android:name="com.zhihu.matisse.ui.MatisseActivity" />
69-->[com.zhihu.android:matisse:0.5.2] AndroidManifest.xml:28:9-73
69-->[com.zhihu.android:matisse:0.5.2] AndroidManifest.xml:28:19-70
70        <activity android:name="com.zhihu.matisse.internal.ui.AlbumPreviewActivity" />
70-->[com.zhihu.android:matisse:0.5.2] AndroidManifest.xml:29:9-87
70-->[com.zhihu.android:matisse:0.5.2] AndroidManifest.xml:29:19-84
71        <activity android:name="com.zhihu.matisse.internal.ui.SelectedPreviewActivity" />
71-->[com.zhihu.android:matisse:0.5.2] AndroidManifest.xml:30:9-90
71-->[com.zhihu.android:matisse:0.5.2] AndroidManifest.xml:30:19-87
72    </application>
73
74</manifest>